0 info it worked if it ends with ok
1 verbose cli [ '/usr/local/bin/node', '/usr/local/bin/npm', 'start' ]
2 info using npm@3.3.12
3 info using node@v5.3.0
4 verbose run-script [ 'prestart', 'start', 'poststart' ]
5 info lifecycle webpack@1.13.0~prestart: webpack@1.13.0
6 silly lifecycle webpack@1.13.0~prestart: no script for prestart, continuing
7 info lifecycle webpack@1.13.0~start: webpack@1.13.0
8 verbose lifecycle webpack@1.13.0~start: unsafe-perm in lifecycle true
9 verbose lifecycle webpack@1.13.0~start: PATH: /usr/local/lib/node_modules/npm/bin/node-gyp-bin:/var/www/html/javascriptShit/webpack/node_modules/.bin:/usr/local/sbin:/usr/local/bin:/usr/sbin:/usr/bin:/sbin:/bin
10 verbose lifecycle webpack@1.13.0~start: CWD: /var/www/html/javascriptShit/webpack
11 silly lifecycle webpack@1.13.0~start: Args: [ '-c', 'webpack-dev-server' ]
12 silly lifecycle webpack@1.13.0~start: Returned: code: 1  signal: null
13 info lifecycle webpack@1.13.0~start: Failed to exec start script
14 verbose stack Error: webpack@1.13.0 start: `webpack-dev-server`
14 verbose stack Exit status 1
14 verbose stack     at EventEmitter.<anonymous> (/usr/local/lib/node_modules/npm/lib/utils/lifecycle.js:232:16)
14 verbose stack     at emitTwo (events.js:87:13)
14 verbose stack     at EventEmitter.emit (events.js:172:7)
14 verbose stack     at ChildProcess.<anonymous> (/usr/local/lib/node_modules/npm/lib/utils/spawn.js:24:14)
14 verbose stack     at emitTwo (events.js:87:13)
14 verbose stack     at ChildProcess.emit (events.js:172:7)
14 verbose stack     at maybeClose (internal/child_process.js:818:16)
14 verbose stack     at Process.ChildProcess._handle.onexit (internal/child_process.js:211:5)
15 verbose pkgid webpack@1.13.0
16 verbose cwd /var/www/html/javascriptShit/webpack
17 error Linux 3.16.0-70-generic
18 error argv "/usr/local/bin/node" "/usr/local/bin/npm" "start"
19 error node v5.3.0
20 error npm  v3.3.12
21 error code ELIFECYCLE
22 error webpack@1.13.0 start: `webpack-dev-server`
22 error Exit status 1
23 error Failed at the webpack@1.13.0 start script 'webpack-dev-server'.
23 error Make sure you have the latest version of node.js and npm installed.
23 error If you do, this is most likely a problem with the webpack package,
23 error not with npm itself.
23 error Tell the author that this fails on your system:
23 error     webpack-dev-server
23 error You can get their info via:
23 error     npm owner ls webpack
23 error There is likely additional logging output above.
24 verbose exit [ 1, true ]
